<?xml version="1.0" encoding="utf-8"?><testsuites name="pytest tests"><testsuite name="pytest" errors="0" failures="0" skipped="0" tests="10" time="4.361" timestamp="2026-03-31T04:01:05.401588+00:00" hostname="agent-env-a2bbec98-9028-4e23-be59-4af4933afc25"><testcase classname="tests.test_quick_templates_iter4.TestHealthAndModels" name="test_api_health" time="1.672" /><testcase classname="tests.test_quick_templates_iter4.TestHealthAndModels" name="test_models_endpoint" time="0.140" /><testcase classname="tests.test_quick_templates_iter4.TestAuthentication" name="test_login_success" time="0.356" /><testcase classname="tests.test_quick_templates_iter4.TestAuthentication" name="test_login_invalid_credentials" time="0.423" /><testcase classname="tests.test_quick_templates_iter4.TestAuthentication" name="test_auth_me_without_token" time="0.123" /><testcase classname="tests.test_quick_templates_iter4.TestAuthenticatedEndpoints" name="test_auth_me_with_token" time="0.480" /><testcase classname="tests.test_quick_templates_iter4.TestAuthenticatedEndpoints" name="test_workflow_history_endpoint" time="0.435" /><testcase classname="tests.test_quick_templates_iter4.TestAuthenticatedEndpoints" name="test_logout" time="0.437" /><testcase classname="tests.test_quick_templates_iter4.TestAnalyzeWorkflowEndpoint" name="test_analyze_requires_auth" time="0.104" /><testcase classname="tests.test_quick_templates_iter4.TestCompareModelsEndpoint" name="test_compare_requires_auth" time="0.104" /></testsuite></testsuites>